# JRE version: OpenJDK Runtime Environment (11.0.11+9) (build 11.0.11+9-b60-7590822)
# Java VM: OpenJDK 64-Bit Server VM (11.0.11+9-b60-7590822, mixed mode, tiered, compressed oops, g1 gc, windows-amd64)
Heap:
 garbage-first heap   total 129024K, used 38541K [0x0000000080000000, 0x0000000100000000)
  region size 1024K, 12 young (12288K), 3 survivors (3072K)
 Metaspace       used 46731K, capacity 47869K, committed 48124K, reserved 1091584K
  class space    used 6017K, capacity 6467K, committed 6528K, reserved 1048576K
GC Heap History (14 events):
Event: 3.192 GC heap before
{Heap before GC invocations=0 (full 0):
 garbage-first heap   total 129024K, used 29696K [0x0000000080000000, 0x0000000100000000)
  region size 1024K, 24 young (24576K), 0 survivors (0K)
 Metaspace       used 10259K, capacity 10495K, committed 10624K, reserved 1058816K
  class space    used 1072K, capacity 1141K, committed 1152K, reserved 1048576K
}
Event: 3.201 GC heap after
{Heap after GC invocations=1 (full 0):
 garbage-first heap   total 129024K, used 9528K [0x0000000080000000, 0x0000000100000000)
  region size 1024K, 3 young (3072K), 3 survivors (3072K)
 Metaspace       used 10259K, capacity 10495K, committed 10624K, reserved 1058816K
  class space    used 1072K, capacity 1141K, committed 1152K, reserved 1048576K
}
Event: 8.332 GC heap before
{Heap before GC invocations=1 (full 0):
 garbage-first heap   total 129024K, used 83256K [0x0000000080000000, 0x0000000100000000)
  region size 1024K, 75 young (76800K), 3 survivors (3072K)
 Metaspace       used 17628K, capacity 18000K, committed 18176K, reserved 1064960K
  class space    used 2079K, capacity 2219K, committed 2304K, reserved 1048576K
}
Event: 8.345 GC heap after
{Heap after GC invocations=2 (full 0):
 garbage-first heap   total 129024K, used 16165K [0x0000000080000000, 0x0000000100000000)
  region size 1024K, 10 young (10240K), 10 survivors (10240K)
 Metaspace       used 17628K, capacity 18000K, committed 18176K, reserved 1064960K
  class space    used 2079K, capacity 2219K, committed 2304K, reserved 1048576K
}
Event: 8.869 GC heap before
{Heap before GC invocations=2 (full 0):
 garbage-first heap   total 129024K, used 41765K [0x0000000080000000, 0x0000000100000000)
  region size 1024K, 36 young (36864K), 10 survivors (10240K)
 Metaspace       used 20685K, capacity 21112K, committed 21296K, reserved 1069056K
  class space    used 2533K, capacity 2660K, committed 2688K, reserved 1048576K
}
Event: 8.876 GC heap after
{Heap after GC invocations=3 (full 0):
 garbage-first heap   total 129024K, used 17709K [0x0000000080000000, 0x0000000100000000)
  region size 1024K, 2 young (2048K), 2 survivors (2048K)
 Metaspace       used 20685K, capacity 21112K, committed 21296K, reserved 1069056K
  class space    used 2533K, capacity 2660K, committed 2688K, reserved 1048576K
}
Event: 10.121 GC heap before
{Heap before GC invocations=4 (full 0):
 garbage-first heap   total 129024K, used 76077K [0x0000000080000000, 0x0000000100000000)
  region size 1024K, 59 young (60416K), 2 survivors (2048K)
 Metaspace       used 26469K, capacity 27034K, committed 27184K, reserved 1073152K
  class space    used 3467K, capacity 3683K, committed 3712K, reserved 1048576K
}
Event: 10.123 GC heap after
{Heap after GC invocations=5 (full 0):
 garbage-first heap   total 129024K, used 19517K [0x0000000080000000, 0x0000000100000000)
  region size 1024K, 4 young (4096K), 4 survivors (4096K)
 Metaspace       used 26469K, capacity 27034K, committed 27184K, reserved 1073152K
  class space    used 3467K, capacity 3683K, committed 3712K, reserved 1048576K
}
Event: 11.383 GC heap before
{Heap before GC invocations=5 (full 0):
 garbage-first heap   total 129024K, used 70717K [0x0000000080000000, 0x0000000100000000)
  region size 1024K, 55 young (56320K), 4 survivors (4096K)
 Metaspace       used 34852K, capacity 35647K, committed 35708K, reserved 1081344K
  class space    used 4527K, capacity 4857K, committed 4864K, reserved 1048576K
}
Event: 11.392 GC heap after
{Heap after GC invocations=6 (full 0):
 garbage-first heap   total 129024K, used 22922K [0x0000000080000000, 0x0000000100000000)
  region size 1024K, 7 young (7168K), 7 survivors (7168K)
 Metaspace       used 34852K, capacity 35647K, committed 35708K, reserved 1081344K
  class space    used 4527K, capacity 4857K, committed 4864K, reserved 1048576K
}
Event: 12.670 GC heap before
{Heap before GC invocations=7 (full 0):
 garbage-first heap   total 129024K, used 91530K [0x0000000080000000, 0x0000000100000000)
  region size 1024K, 72 young (73728K), 7 survivors (7168K)
 Metaspace       used 40088K, capacity 41024K, committed 41212K, reserved 1085440K
  class space    used 5114K, capacity 5471K, committed 5504K, reserved 1048576K
}
Event: 12.677 GC heap after
{Heap after GC invocations=8 (full 0):
 garbage-first heap   total 129024K, used 28287K [0x0000000080000000, 0x0000000100000000)
  region size 1024K, 9 young (9216K), 9 survivors (9216K)
 Metaspace       used 40088K, capacity 41024K, committed 41212K, reserved 1085440K
  class space    used 5114K, capacity 5471K, committed 5504K, reserved 1048576K
}
Event: 13.823 GC heap before
{Heap before GC invocations=8 (full 0):
 garbage-first heap   total 129024K, used 93823K [0x0000000080000000, 0x0000000100000000)
  region size 1024K, 73 young (74752K), 9 survivors (9216K)
 Metaspace       used 45976K, capacity 47135K, committed 47228K, reserved 1089536K
  class space    used 5903K, capacity 6326K, committed 6400K, reserved 1048576K
}
Event: 13.829 GC heap after
{Heap after GC invocations=9 (full 0):
 garbage-first heap   total 129024K, used 30349K [0x0000000080000000, 0x0000000100000000)
  region size 1024K, 3 young (3072K), 3 survivors (3072K)
 Metaspace       used 45976K, capacity 47135K, committed 47228K, reserved 1089536K
  class space    used 5903K, capacity 6326K, committed 6400K, reserved 1048576K
}

