# JRE version: OpenJDK Runtime Environment (11.0.11+9) (build 11.0.11+9-b60-7590822)
# Java VM: OpenJDK 64-Bit Server VM (11.0.11+9-b60-7590822, mixed mode, tiered, compressed oops, g1 gc, windows-amd64)
Heap:
 garbage-first heap   total 380928K, used 123229K [0x0000000080000000, 0x0000000100000000)
  region size 1024K, 3 young (3072K), 3 survivors (3072K)
 Metaspace       used 96986K, capacity 99451K, committed 99708K, reserved 1134592K
  class space    used 12814K, capacity 13748K, committed 13824K, reserved 1048576K
GC Heap History (20 events):
Event: 23.249 GC heap after
{Heap after GC invocations=33 (full 0):
 garbage-first heap   total 129024K, used 91136K [0x0000000080000000, 0x0000000100000000)
  region size 1024K, 3 young (3072K), 3 survivors (3072K)
 Metaspace       used 91283K, capacity 93543K, committed 93820K, reserved 1130496K
  class space    used 11891K, capacity 12722K, committed 12800K, reserved 1048576K
}
Event: 23.365 GC heap before
{Heap before GC invocations=33 (full 0):
 garbage-first heap   total 129024K, used 107520K [0x0000000080000000, 0x0000000100000000)
  region size 1024K, 19 young (19456K), 3 survivors (3072K)
 Metaspace       used 91667K, capacity 93889K, committed 94076K, reserved 1130496K
  class space    used 11931K, capacity 12748K, committed 12800K, reserved 1048576K
}
Event: 23.372 GC heap after
{Heap after GC invocations=34 (full 0):
 garbage-first heap   total 129024K, used 94522K [0x0000000080000000, 0x0000000100000000)
  region size 1024K, 3 young (3072K), 3 survivors (3072K)
 Metaspace       used 91667K, capacity 93889K, committed 94076K, reserved 1130496K
  class space    used 11931K, capacity 12748K, committed 12800K, reserved 1048576K
}
Event: 23.434 GC heap before
{Heap before GC invocations=35 (full 0):
 garbage-first heap   total 129024K, used 107834K [0x0000000080000000, 0x0000000100000000)
  region size 1024K, 16 young (16384K), 3 survivors (3072K)
 Metaspace       used 92036K, capacity 94243K, committed 94716K, reserved 1130496K
  class space    used 11961K, capacity 12780K, committed 12928K, reserved 1048576K
}
Event: 23.443 GC heap after
{Heap after GC invocations=36 (full 0):
 garbage-first heap   total 155648K, used 97866K [0x0000000080000000, 0x0000000100000000)
  region size 1024K, 2 young (2048K), 2 survivors (2048K)
 Metaspace       used 92036K, capacity 94243K, committed 94716K, reserved 1130496K
  class space    used 11961K, capacity 12780K, committed 12928K, reserved 1048576K
}
Event: 23.471 GC heap before
{Heap before GC invocations=36 (full 0):
 garbage-first heap   total 155648K, used 102986K [0x0000000080000000, 0x0000000100000000)
  region size 1024K, 7 young (7168K), 2 survivors (2048K)
 Metaspace       used 92241K, capacity 94413K, committed 94716K, reserved 1130496K
  class space    used 12010K, capacity 12815K, committed 12928K, reserved 1048576K
}
Event: 23.476 GC heap after
{Heap after GC invocations=37 (full 0):
 garbage-first heap   total 155648K, used 98975K [0x0000000080000000, 0x0000000100000000)
  region size 1024K, 1 young (1024K), 1 survivors (1024K)
 Metaspace       used 92241K, capacity 94413K, committed 94716K, reserved 1130496K
  class space    used 12010K, capacity 12815K, committed 12928K, reserved 1048576K
}
Event: 23.561 GC heap before
{Heap before GC invocations=37 (full 0):
 garbage-first heap   total 155648K, used 118431K [0x0000000080000000, 0x0000000100000000)
  region size 1024K, 21 young (21504K), 1 survivors (1024K)
 Metaspace       used 92901K, capacity 95137K, committed 95356K, reserved 1132544K
  class space    used 12108K, capacity 12959K, committed 13056K, reserved 1048576K
}
Event: 23.567 GC heap after
{Heap after GC invocations=38 (full 0):
 garbage-first heap   total 155648K, used 102688K [0x0000000080000000, 0x0000000100000000)
  region size 1024K, 3 young (3072K), 3 survivors (3072K)
 Metaspace       used 92901K, capacity 95137K, committed 95356K, reserved 1132544K
  class space    used 12108K, capacity 12959K, committed 13056K, reserved 1048576K
}
Event: 23.658 GC heap before
{Heap before GC invocations=38 (full 0):
 garbage-first heap   total 155648K, used 121120K [0x0000000080000000, 0x0000000100000000)
  region size 1024K, 22 young (22528K), 3 survivors (3072K)
 Metaspace       used 93137K, capacity 95417K, committed 95612K, reserved 1132544K
  class space    used 12138K, capacity 13009K, committed 13056K, reserved 1048576K
}
Event: 23.665 GC heap after
{Heap after GC invocations=39 (full 0):
 garbage-first heap   total 155648K, used 106427K [0x0000000080000000, 0x0000000100000000)
  region size 1024K, 3 young (3072K), 3 survivors (3072K)
 Metaspace       used 93137K, capacity 95417K, committed 95612K, reserved 1132544K
  class space    used 12138K, capacity 13009K, committed 13056K, reserved 1048576K
}
Event: 23.771 GC heap before
{Heap before GC invocations=40 (full 0):
 garbage-first heap   total 155648K, used 124859K [0x0000000080000000, 0x0000000100000000)
  region size 1024K, 21 young (21504K), 3 survivors (3072K)
 Metaspace       used 93572K, capacity 95822K, committed 95996K, reserved 1132544K
  class space    used 12231K, capacity 13095K, committed 13184K, reserved 1048576K
}
Event: 23.780 GC heap after
{Heap after GC invocations=41 (full 0):
 garbage-first heap   total 202752K, used 110025K [0x0000000080000000, 0x0000000100000000)
  region size 1024K, 3 young (3072K), 3 survivors (3072K)
 Metaspace       used 93572K, capacity 95822K, committed 95996K, reserved 1132544K
  class space    used 12231K, capacity 13095K, committed 13184K, reserved 1048576K
}
Event: 23.799 GC heap before
{Heap before GC invocations=41 (full 0):
 garbage-first heap   total 202752K, used 116169K [0x0000000080000000, 0x0000000100000000)
  region size 1024K, 9 young (9216K), 3 survivors (3072K)
 Metaspace       used 93702K, capacity 96005K, committed 96252K, reserved 1132544K
  class space    used 12254K, capacity 13135K, committed 13184K, reserved 1048576K
}
Event: 23.805 GC heap after
{Heap after GC invocations=42 (full 0):
 garbage-first heap   total 202752K, used 111654K [0x0000000080000000, 0x0000000100000000)
  region size 1024K, 2 young (2048K), 2 survivors (2048K)
 Metaspace       used 93702K, capacity 96005K, committed 96252K, reserved 1132544K
  class space    used 12254K, capacity 13135K, committed 13184K, reserved 1048576K
}
Event: 23.919 GC heap before
{Heap before GC invocations=42 (full 0):
 garbage-first heap   total 202752K, used 142374K [0x0000000080000000, 0x0000000100000000)
  region size 1024K, 32 young (32768K), 2 survivors (2048K)
 Metaspace       used 94769K, capacity 97090K, committed 97276K, reserved 1132544K
  class space    used 12474K, capacity 13380K, committed 13440K, reserved 1048576K
}
Event: 23.927 GC heap after
{Heap after GC invocations=43 (full 0):
 garbage-first heap   total 202752K, used 116080K [0x0000000080000000, 0x0000000100000000)
  region size 1024K, 4 young (4096K), 4 survivors (4096K)
 Metaspace       used 94769K, capacity 97090K, committed 97276K, reserved 1132544K
  class space    used 12474K, capacity 13380K, committed 13440K, reserved 1048576K
}
Event: 24.097 GC heap before
{Heap before GC invocations=43 (full 0):
 garbage-first heap   total 202752K, used 146800K [0x0000000080000000, 0x0000000100000000)
  region size 1024K, 35 young (35840K), 4 survivors (4096K)
 Metaspace       used 96010K, capacity 98421K, committed 98556K, reserved 1134592K
  class space    used 12689K, capacity 13602K, committed 13696K, reserved 1048576K
}
Event: 24.109 GC heap after
{Heap after GC invocations=44 (full 0):
 garbage-first heap   total 202752K, used 120985K [0x0000000080000000, 0x0000000100000000)
  region size 1024K, 5 young (5120K), 5 survivors (5120K)
 Metaspace       used 96010K, capacity 98421K, committed 98556K, reserved 1134592K
  class space    used 12689K, capacity 13602K, committed 13696K, reserved 1048576K
}
Event: 24.276 GC heap before
{Heap before GC invocations=45 (full 0):
 garbage-first heap   total 202752K, used 151705K [0x0000000080000000, 0x0000000100000000)
  region size 1024K, 36 young (36864K), 5 survivors (5120K)
 Metaspace       used 96986K, capacity 99451K, committed 99708K, reserved 1134592K
  class space    used 12814K, capacity 13748K, committed 13824K, reserved 1048576K
}

