# JRE version: OpenJDK Runtime Environment (11.0.11+9) (build 11.0.11+9-b60-7590822)
# Java VM: OpenJDK 64-Bit Server VM (11.0.11+9-b60-7590822, mixed mode, tiered, compressed oops, g1 gc, windows-amd64)
Heap:
 garbage-first heap   total 378880K, used 173351K [0x0000000080000000, 0x0000000100000000)
  region size 1024K, 58 young (59392K), 6 survivors (6144K)
 Metaspace       used 100072K, capacity 102580K, committed 102736K, reserved 1138688K
  class space    used 13099K, capacity 14084K, committed 14208K, reserved 1048576K
GC Heap History (20 events):
Event: 15.767 GC heap before
{Heap before GC invocations=29 (full 0):
 garbage-first heap   total 155648K, used 124009K [0x0000000080000000, 0x0000000100000000)
  region size 1024K, 39 young (39936K), 6 survivors (6144K)
 Metaspace       used 92993K, capacity 95181K, committed 95440K, reserved 1132544K
  class space    used 12158K, capacity 13040K, committed 13056K, reserved 1048576K
}
Event: 15.779 GC heap after
{Heap after GC invocations=30 (full 0):
 garbage-first heap   total 155648K, used 96954K [0x0000000080000000, 0x0000000100000000)
  region size 1024K, 5 young (5120K), 5 survivors (5120K)
 Metaspace       used 92993K, capacity 95181K, committed 95440K, reserved 1132544K
  class space    used 12158K, capacity 13040K, committed 13056K, reserved 1048576K
}
Event: 15.841 GC heap before
{Heap before GC invocations=31 (full 0):
 garbage-first heap   total 155648K, used 125626K [0x0000000080000000, 0x0000000100000000)
  region size 1024K, 33 young (33792K), 5 survivors (5120K)
 Metaspace       used 93673K, capacity 95923K, committed 96080K, reserved 1132544K
  class space    used 12289K, capacity 13180K, committed 13184K, reserved 1048576K
}
Event: 15.852 GC heap after
{Heap after GC invocations=32 (full 0):
 garbage-first heap   total 194560K, used 102560K [0x0000000080000000, 0x0000000100000000)
  region size 1024K, 5 young (5120K), 5 survivors (5120K)
 Metaspace       used 93673K, capacity 95923K, committed 96080K, reserved 1132544K
  class space    used 12289K, capacity 13180K, committed 13184K, reserved 1048576K
}
Event: 15.973 GC heap before
{Heap before GC invocations=32 (full 0):
 garbage-first heap   total 194560K, used 143520K [0x0000000080000000, 0x0000000100000000)
  region size 1024K, 45 young (46080K), 5 survivors (5120K)
 Metaspace       used 94985K, capacity 97258K, committed 97488K, reserved 1132544K
  class space    used 12556K, capacity 13478K, committed 13568K, reserved 1048576K
}
Event: 15.992 GC heap after
{Heap after GC invocations=33 (full 0):
 garbage-first heap   total 194560K, used 109463K [0x0000000080000000, 0x0000000100000000)
  region size 1024K, 6 young (6144K), 6 survivors (6144K)
 Metaspace       used 94985K, capacity 97258K, committed 97488K, reserved 1132544K
  class space    used 12556K, capacity 13478K, committed 13568K, reserved 1048576K
}
Event: 16.106 GC heap before
{Heap before GC invocations=33 (full 0):
 garbage-first heap   total 194560K, used 149399K [0x0000000080000000, 0x0000000100000000)
  region size 1024K, 45 young (46080K), 6 survivors (6144K)
 Metaspace       used 95998K, capacity 98383K, committed 98640K, reserved 1134592K
  class space    used 12721K, capacity 13662K, committed 13696K, reserved 1048576K
}
Event: 16.123 GC heap after
{Heap after GC invocations=34 (full 0):
 garbage-first heap   total 194560K, used 115843K [0x0000000080000000, 0x0000000100000000)
  region size 1024K, 6 young (6144K), 6 survivors (6144K)
 Metaspace       used 95998K, capacity 98383K, committed 98640K, reserved 1134592K
  class space    used 12721K, capacity 13662K, committed 13696K, reserved 1048576K
}
Event: 16.368 GC heap before
{Heap before GC invocations=35 (full 0):
 garbage-first heap   total 194560K, used 152707K [0x0000000080000000, 0x0000000100000000)
  region size 1024K, 43 young (44032K), 6 survivors (6144K)
 Metaspace       used 97496K, capacity 99942K, committed 100176K, reserved 1136640K
  class space    used 12913K, capacity 13851K, committed 13952K, reserved 1048576K
}
Event: 16.379 GC heap after
{Heap after GC invocations=36 (full 0):
 garbage-first heap   total 194560K, used 118055K [0x0000000080000000, 0x0000000100000000)
  region size 1024K, 3 young (3072K), 3 survivors (3072K)
 Metaspace       used 97496K, capacity 99942K, committed 100176K, reserved 1136640K
  class space    used 12913K, capacity 13851K, committed 13952K, reserved 1048576K
}
Event: 16.580 GC heap before
{Heap before GC invocations=36 (full 0):
 garbage-first heap   total 194560K, used 154919K [0x0000000080000000, 0x0000000100000000)
  region size 1024K, 40 young (40960K), 3 survivors (3072K)
 Metaspace       used 98488K, capacity 100992K, committed 101072K, reserved 1136640K
  class space    used 13042K, capacity 14048K, committed 14080K, reserved 1048576K
}
Event: 16.593 GC heap after
{Heap after GC invocations=37 (full 0):
 garbage-first heap   total 292864K, used 119577K [0x0000000080000000, 0x0000000100000000)
  region size 1024K, 4 young (4096K), 4 survivors (4096K)
 Metaspace       used 98488K, capacity 100992K, committed 101072K, reserved 1136640K
  class space    used 13042K, capacity 14048K, committed 14080K, reserved 1048576K
}
Event: 17.089 GC heap before
{Heap before GC invocations=38 (full 0):
 garbage-first heap   total 292864K, used 195353K [0x0000000080000000, 0x0000000100000000)
  region size 1024K, 78 young (79872K), 4 survivors (4096K)
 Metaspace       used 98869K, capacity 101406K, committed 101584K, reserved 1136640K
  class space    used 13036K, capacity 14025K, committed 14080K, reserved 1048576K
}
Event: 17.100 GC heap after
{Heap after GC invocations=39 (full 0):
 garbage-first heap   total 292864K, used 119654K [0x0000000080000000, 0x0000000100000000)
  region size 1024K, 4 young (4096K), 4 survivors (4096K)
 Metaspace       used 98869K, capacity 101406K, committed 101584K, reserved 1136640K
  class space    used 13036K, capacity 14025K, committed 14080K, reserved 1048576K
}
Event: 17.419 GC heap before
{Heap before GC invocations=39 (full 0):
 garbage-first heap   total 292864K, used 202598K [0x0000000080000000, 0x0000000100000000)
  region size 1024K, 85 young (87040K), 4 survivors (4096K)
 Metaspace       used 98982K, capacity 101496K, committed 101584K, reserved 1136640K
  class space    used 13056K, capacity 14034K, committed 14080K, reserved 1048576K
}
Event: 17.426 GC heap after
{Heap after GC invocations=40 (full 0):
 garbage-first heap   total 292864K, used 119888K [0x0000000080000000, 0x0000000100000000)
  region size 1024K, 5 young (5120K), 5 survivors (5120K)
 Metaspace       used 98982K, capacity 101496K, committed 101584K, reserved 1136640K
  class space    used 13056K, capacity 14034K, committed 14080K, reserved 1048576K
}
Event: 17.737 GC heap before
{Heap before GC invocations=40 (full 0):
 garbage-first heap   total 292864K, used 210000K [0x0000000080000000, 0x0000000100000000)
  region size 1024K, 93 young (95232K), 5 survivors (5120K)
 Metaspace       used 99275K, capacity 101828K, committed 102096K, reserved 1136640K
  class space    used 13059K, capacity 14037K, committed 14080K, reserved 1048576K
}
Event: 17.744 GC heap after
{Heap after GC invocations=41 (full 0):
 garbage-first heap   total 292864K, used 120478K [0x0000000080000000, 0x0000000100000000)
  region size 1024K, 5 young (5120K), 5 survivors (5120K)
 Metaspace       used 99275K, capacity 101828K, committed 102096K, reserved 1136640K
  class space    used 13059K, capacity 14037K, committed 14080K, reserved 1048576K
}
Event: 18.162 GC heap before
{Heap before GC invocations=41 (full 0):
 garbage-first heap   total 292864K, used 235166K [0x0000000080000000, 0x0000000100000000)
  region size 1024K, 117 young (119808K), 5 survivors (5120K)
 Metaspace       used 99983K, capacity 102511K, committed 102736K, reserved 1138688K
  class space    used 13099K, capacity 14084K, committed 14208K, reserved 1048576K
}
Event: 18.177 GC heap after
{Heap after GC invocations=42 (full 0):
 garbage-first heap   total 378880K, used 121127K [0x0000000080000000, 0x0000000100000000)
  region size 1024K, 6 young (6144K), 6 survivors (6144K)
 Metaspace       used 99983K, capacity 102511K, committed 102736K, reserved 1138688K
  class space    used 13099K, capacity 14084K, committed 14208K, reserved 1048576K
}

