# JRE version: OpenJDK Runtime Environment (11.0.11+9) (build 11.0.11+9-b60-7590822)
# Java VM: OpenJDK 64-Bit Server VM (11.0.11+9-b60-7590822, mixed mode, tiered, compressed oops, g1 gc, windows-amd64)
Heap:
 garbage-first heap   total 381952K, used 123817K [0x0000000080000000, 0x0000000100000000)
  region size 1024K, 6 young (6144K), 6 survivors (6144K)
 Metaspace       used 99000K, capacity 101568K, committed 101756K, reserved 1136640K
  class space    used 13017K, capacity 14028K, committed 14080K, reserved 1048576K
GC Heap History (20 events):
Event: 23.471 GC heap after
{Heap after GC invocations=33 (full 0):
 garbage-first heap   total 129024K, used 93829K [0x0000000080000000, 0x0000000100000000)
  region size 1024K, 3 young (3072K), 3 survivors (3072K)
 Metaspace       used 94164K, capacity 96595K, committed 96764K, reserved 1132544K
  class space    used 12386K, capacity 13345K, committed 13440K, reserved 1048576K
}
Event: 23.521 GC heap before
{Heap before GC invocations=33 (full 0):
 garbage-first heap   total 129024K, used 108165K [0x0000000080000000, 0x0000000100000000)
  region size 1024K, 17 young (17408K), 3 survivors (3072K)
 Metaspace       used 94752K, capacity 97204K, committed 97404K, reserved 1132544K
  class space    used 12496K, capacity 13461K, committed 13568K, reserved 1048576K
}
Event: 23.528 GC heap after
{Heap after GC invocations=34 (full 0):
 garbage-first heap   total 129024K, used 96797K [0x0000000080000000, 0x0000000100000000)
  region size 1024K, 3 young (3072K), 3 survivors (3072K)
 Metaspace       used 94752K, capacity 97204K, committed 97404K, reserved 1132544K
  class space    used 12496K, capacity 13461K, committed 13568K, reserved 1048576K
}
Event: 23.559 GC heap before
{Heap before GC invocations=34 (full 0):
 garbage-first heap   total 129024K, used 109085K [0x0000000080000000, 0x0000000100000000)
  region size 1024K, 15 young (15360K), 3 survivors (3072K)
 Metaspace       used 95050K, capacity 97531K, committed 97660K, reserved 1134592K
  class space    used 12531K, capacity 13507K, committed 13568K, reserved 1048576K
}
Event: 23.566 GC heap after
{Heap after GC invocations=35 (full 0):
 garbage-first heap   total 155648K, used 98991K [0x0000000080000000, 0x0000000100000000)
  region size 1024K, 2 young (2048K), 2 survivors (2048K)
 Metaspace       used 95050K, capacity 97531K, committed 97660K, reserved 1134592K
  class space    used 12531K, capacity 13507K, committed 13568K, reserved 1048576K
}
Event: 23.676 GC heap before
{Heap before GC invocations=36 (full 0):
 garbage-first heap   total 155648K, used 121519K [0x0000000080000000, 0x0000000100000000)
  region size 1024K, 24 young (24576K), 2 survivors (2048K)
 Metaspace       used 95465K, capacity 97913K, committed 98300K, reserved 1134592K
  class space    used 12595K, capacity 13543K, committed 13696K, reserved 1048576K
}
Event: 23.687 GC heap after
{Heap after GC invocations=37 (full 0):
 garbage-first heap   total 155648K, used 103996K [0x0000000080000000, 0x0000000100000000)
  region size 1024K, 3 young (3072K), 3 survivors (3072K)
 Metaspace       used 95465K, capacity 97913K, committed 98300K, reserved 1134592K
  class space    used 12595K, capacity 13543K, committed 13696K, reserved 1048576K
}
Event: 23.738 GC heap before
{Heap before GC invocations=37 (full 0):
 garbage-first heap   total 155648K, used 124476K [0x0000000080000000, 0x0000000100000000)
  region size 1024K, 23 young (23552K), 3 survivors (3072K)
 Metaspace       used 95891K, capacity 98373K, committed 98556K, reserved 1134592K
  class space    used 12679K, capacity 13632K, committed 13696K, reserved 1048576K
}
Event: 23.749 GC heap after
{Heap after GC invocations=38 (full 0):
 garbage-first heap   total 155648K, used 107693K [0x0000000080000000, 0x0000000100000000)
  region size 1024K, 3 young (3072K), 3 survivors (3072K)
 Metaspace       used 95891K, capacity 98373K, committed 98556K, reserved 1134592K
  class space    used 12679K, capacity 13632K, committed 13696K, reserved 1048576K
}
Event: 23.829 GC heap before
{Heap before GC invocations=38 (full 0):
 garbage-first heap   total 155648K, used 127149K [0x0000000080000000, 0x0000000100000000)
  region size 1024K, 22 young (22528K), 3 survivors (3072K)
 Metaspace       used 96001K, capacity 98481K, committed 98556K, reserved 1134592K
  class space    used 12698K, capacity 13667K, committed 13696K, reserved 1048576K
}
Event: 23.837 GC heap after
{Heap after GC invocations=39 (full 0):
 garbage-first heap   total 155648K, used 111169K [0x0000000080000000, 0x0000000100000000)
  region size 1024K, 3 young (3072K), 3 survivors (3072K)
 Metaspace       used 96001K, capacity 98481K, committed 98556K, reserved 1134592K
  class space    used 12698K, capacity 13667K, committed 13696K, reserved 1048576K
}
Event: 23.974 GC heap before
{Heap before GC invocations=40 (full 0):
 garbage-first heap   total 155648K, used 129601K [0x0000000080000000, 0x0000000100000000)
  region size 1024K, 21 young (21504K), 3 survivors (3072K)
 Metaspace       used 95957K, capacity 98372K, committed 98940K, reserved 1134592K
  class space    used 12647K, capacity 13551K, committed 13824K, reserved 1048576K
}
Event: 23.983 GC heap after
{Heap after GC invocations=41 (full 0):
 garbage-first heap   total 232448K, used 114403K [0x0000000080000000, 0x0000000100000000)
  region size 1024K, 3 young (3072K), 3 survivors (3072K)
 Metaspace       used 95957K, capacity 98372K, committed 98940K, reserved 1134592K
  class space    used 12647K, capacity 13551K, committed 13824K, reserved 1048576K
}
Event: 24.029 GC heap before
{Heap before GC invocations=41 (full 0):
 garbage-first heap   total 232448K, used 122595K [0x0000000080000000, 0x0000000100000000)
  region size 1024K, 11 young (11264K), 3 survivors (3072K)
 Metaspace       used 96139K, capacity 98522K, committed 99196K, reserved 1134592K
  class space    used 12671K, capacity 13557K, committed 13824K, reserved 1048576K
}
Event: 24.035 GC heap after
{Heap after GC invocations=42 (full 0):
 garbage-first heap   total 232448K, used 115765K [0x0000000080000000, 0x0000000100000000)
  region size 1024K, 2 young (2048K), 2 survivors (2048K)
 Metaspace       used 96139K, capacity 98522K, committed 99196K, reserved 1134592K
  class space    used 12671K, capacity 13557K, committed 13824K, reserved 1048576K
}
Event: 24.341 GC heap before
{Heap before GC invocations=42 (full 0):
 garbage-first heap   total 232448K, used 153653K [0x0000000080000000, 0x0000000100000000)
  region size 1024K, 40 young (40960K), 2 survivors (2048K)
 Metaspace       used 98146K, capacity 100608K, committed 100860K, reserved 1136640K
  class space    used 12922K, capacity 13860K, committed 13952K, reserved 1048576K
}
Event: 24.351 GC heap after
{Heap after GC invocations=43 (full 0):
 garbage-first heap   total 232448K, used 118496K [0x0000000080000000, 0x0000000100000000)
  region size 1024K, 4 young (4096K), 4 survivors (4096K)
 Metaspace       used 98146K, capacity 100608K, committed 100860K, reserved 1136640K
  class space    used 12922K, capacity 13860K, committed 13952K, reserved 1048576K
}
Event: 24.621 GC heap before
{Heap before GC invocations=44 (full 0):
 garbage-first heap   total 232448K, used 158432K [0x0000000080000000, 0x0000000100000000)
  region size 1024K, 44 young (45056K), 4 survivors (4096K)
 Metaspace       used 98835K, capacity 101382K, committed 101500K, reserved 1136640K
  class space    used 12996K, capacity 13989K, committed 14080K, reserved 1048576K
}
Event: 24.631 GC heap after
{Heap after GC invocations=45 (full 0):
 garbage-first heap   total 232448K, used 121839K [0x0000000080000000, 0x0000000100000000)
  region size 1024K, 6 young (6144K), 6 survivors (6144K)
 Metaspace       used 98835K, capacity 101382K, committed 101500K, reserved 1136640K
  class space    used 12996K, capacity 13989K, committed 14080K, reserved 1048576K
}
Event: 24.851 GC heap before
{Heap before GC invocations=45 (full 0):
 garbage-first heap   total 232448K, used 163823K [0x0000000080000000, 0x0000000100000000)
  region size 1024K, 48 young (49152K), 6 survivors (6144K)
 Metaspace       used 99000K, capacity 101568K, committed 101756K, reserved 1136640K
  class space    used 13017K, capacity 14028K, committed 14080K, reserved 1048576K
}

