# JRE version: OpenJDK Runtime Environment (11.0.11+9) (build 11.0.11+9-b60-7590822)
# Java VM: OpenJDK 64-Bit Server VM (11.0.11+9-b60-7590822, mixed mode, tiered, compressed oops, g1 gc, windows-amd64)
Heap:
 garbage-first heap   total 344064K, used 121205K [0x0000000080000000, 0x0000000100000000)
  region size 1024K, 2 young (2048K), 2 survivors (2048K)
 Metaspace       used 97481K, capacity 99832K, committed 100336K, reserved 1136640K
  class space    used 12861K, capacity 13800K, committed 14028K, reserved 1048576K
GC Heap History (20 events):
Event: 17.134 GC heap after
{Heap after GC invocations=28 (full 0):
 garbage-first heap   total 129024K, used 83424K [0x0000000080000000, 0x0000000100000000)
  region size 1024K, 4 young (4096K), 4 survivors (4096K)
 Metaspace       used 89301K, capacity 91415K, committed 91632K, reserved 1128448K
  class space    used 11654K, capacity 12489K, committed 12492K, reserved 1048576K
}
Event: 17.229 GC heap before
{Heap before GC invocations=28 (full 0):
 garbage-first heap   total 129024K, used 105952K [0x0000000080000000, 0x0000000100000000)
  region size 1024K, 26 young (26624K), 4 survivors (4096K)
 Metaspace       used 90970K, capacity 93241K, committed 93552K, reserved 1130496K
  class space    used 11904K, capacity 12762K, committed 12876K, reserved 1048576K
}
Event: 17.234 GC heap after
{Heap after GC invocations=29 (full 0):
 garbage-first heap   total 129024K, used 86058K [0x0000000080000000, 0x0000000100000000)
  region size 1024K, 4 young (4096K), 4 survivors (4096K)
 Metaspace       used 90970K, capacity 93241K, committed 93552K, reserved 1130496K
  class space    used 11904K, capacity 12762K, committed 12876K, reserved 1048576K
}
Event: 17.288 GC heap before
{Heap before GC invocations=29 (full 0):
 garbage-first heap   total 129024K, used 104490K [0x0000000080000000, 0x0000000100000000)
  region size 1024K, 23 young (23552K), 4 survivors (4096K)
 Metaspace       used 91724K, capacity 93972K, committed 94192K, reserved 1130496K
  class space    used 12010K, capacity 12878K, committed 13004K, reserved 1048576K
}
Event: 17.295 GC heap after
{Heap after GC invocations=30 (full 0):
 garbage-first heap   total 155648K, used 89632K [0x0000000080000000, 0x0000000100000000)
  region size 1024K, 3 young (3072K), 3 survivors (3072K)
 Metaspace       used 91724K, capacity 93972K, committed 94192K, reserved 1130496K
  class space    used 12010K, capacity 12878K, committed 13004K, reserved 1048576K
}
Event: 17.389 GC heap before
{Heap before GC invocations=31 (full 0):
 garbage-first heap   total 155648K, used 118304K [0x0000000080000000, 0x0000000100000000)
  region size 1024K, 31 young (31744K), 3 survivors (3072K)
 Metaspace       used 92786K, capacity 95024K, committed 95344K, reserved 1132544K
  class space    used 12132K, capacity 13011K, committed 13132K, reserved 1048576K
}
Event: 17.397 GC heap after
{Heap after GC invocations=32 (full 0):
 garbage-first heap   total 155648K, used 95423K [0x0000000080000000, 0x0000000100000000)
  region size 1024K, 4 young (4096K), 4 survivors (4096K)
 Metaspace       used 92786K, capacity 95024K, committed 95344K, reserved 1132544K
  class space    used 12132K, capacity 13011K, committed 13132K, reserved 1048576K
}
Event: 17.451 GC heap before
{Heap before GC invocations=32 (full 0):
 garbage-first heap   total 155648K, used 121023K [0x0000000080000000, 0x0000000100000000)
  region size 1024K, 30 young (30720K), 4 survivors (4096K)
 Metaspace       used 93376K, capacity 95806K, committed 96112K, reserved 1132544K
  class space    used 12276K, capacity 13264K, committed 13388K, reserved 1048576K
}
Event: 17.459 GC heap after
{Heap after GC invocations=33 (full 0):
 garbage-first heap   total 155648K, used 100352K [0x0000000080000000, 0x0000000100000000)
  region size 1024K, 4 young (4096K), 4 survivors (4096K)
 Metaspace       used 93376K, capacity 95806K, committed 96112K, reserved 1132544K
  class space    used 12276K, capacity 13264K, committed 13388K, reserved 1048576K
}
Event: 17.581 GC heap before
{Heap before GC invocations=33 (full 0):
 garbage-first heap   total 155648K, used 124928K [0x0000000080000000, 0x0000000100000000)
  region size 1024K, 28 young (28672K), 4 survivors (4096K)
 Metaspace       used 93955K, capacity 96241K, committed 96752K, reserved 1132544K
  class space    used 12355K, capacity 13291K, committed 13516K, reserved 1048576K
}
Event: 17.590 GC heap after
{Heap after GC invocations=34 (full 0):
 garbage-first heap   total 155648K, used 104891K [0x0000000080000000, 0x0000000100000000)
  region size 1024K, 4 young (4096K), 4 survivors (4096K)
 Metaspace       used 93955K, capacity 96241K, committed 96752K, reserved 1132544K
  class space    used 12355K, capacity 13291K, committed 13516K, reserved 1048576K
}
Event: 17.653 GC heap before
{Heap before GC invocations=35 (full 0):
 garbage-first heap   total 155648K, used 127419K [0x0000000080000000, 0x0000000100000000)
  region size 1024K, 26 young (26624K), 4 survivors (4096K)
 Metaspace       used 94581K, capacity 96969K, committed 97392K, reserved 1132544K
  class space    used 12472K, capacity 13425K, committed 13644K, reserved 1048576K
}
Event: 17.663 GC heap after
{Heap after GC invocations=36 (full 0):
 garbage-first heap   total 206848K, used 109384K [0x0000000080000000, 0x0000000100000000)
  region size 1024K, 4 young (4096K), 4 survivors (4096K)
 Metaspace       used 94581K, capacity 96969K, committed 97392K, reserved 1132544K
  class space    used 12472K, capacity 13425K, committed 13644K, reserved 1048576K
}
Event: 17.978 GC heap before
{Heap before GC invocations=36 (full 0):
 garbage-first heap   total 206848K, used 146248K [0x0000000080000000, 0x0000000100000000)
  region size 1024K, 40 young (40960K), 4 survivors (4096K)
 Metaspace       used 95576K, capacity 97959K, committed 98288K, reserved 1134592K
  class space    used 12642K, capacity 13632K, committed 13772K, reserved 1048576K
}
Event: 17.987 GC heap after
{Heap after GC invocations=37 (full 0):
 garbage-first heap   total 206848K, used 115287K [0x0000000080000000, 0x0000000100000000)
  region size 1024K, 5 young (5120K), 5 survivors (5120K)
 Metaspace       used 95576K, capacity 97959K, committed 98288K, reserved 1134592K
  class space    used 12642K, capacity 13632K, committed 13772K, reserved 1048576K
}
Event: 18.133 GC heap before
{Heap before GC invocations=37 (full 0):
 garbage-first heap   total 206848K, used 150103K [0x0000000080000000, 0x0000000100000000)
  region size 1024K, 40 young (40960K), 5 survivors (5120K)
 Metaspace       used 96509K, capacity 98829K, committed 99440K, reserved 1134592K
  class space    used 12745K, capacity 13668K, committed 13900K, reserved 1048576K
}
Event: 18.142 GC heap after
{Heap after GC invocations=38 (full 0):
 garbage-first heap   total 206848K, used 119536K [0x0000000080000000, 0x0000000100000000)
  region size 1024K, 4 young (4096K), 4 survivors (4096K)
 Metaspace       used 96509K, capacity 98829K, committed 99440K, reserved 1134592K
  class space    used 12745K, capacity 13668K, committed 13900K, reserved 1048576K
}
Event: 18.294 GC heap before
{Heap before GC invocations=39 (full 0):
 garbage-first heap   total 206848K, used 155376K [0x0000000080000000, 0x0000000100000000)
  region size 1024K, 40 young (40960K), 4 survivors (4096K)
 Metaspace       used 97098K, capacity 99436K, committed 99952K, reserved 1136640K
  class space    used 12813K, capacity 13755K, committed 13900K, reserved 1048576K
}
Event: 18.300 GC heap after
{Heap after GC invocations=40 (full 0):
 garbage-first heap   total 206848K, used 121543K [0x0000000080000000, 0x0000000100000000)
  region size 1024K, 2 young (2048K), 2 survivors (2048K)
 Metaspace       used 97098K, capacity 99436K, committed 99952K, reserved 1136640K
  class space    used 12813K, capacity 13755K, committed 13900K, reserved 1048576K
}
Event: 18.391 GC heap before
{Heap before GC invocations=40 (full 0):
 garbage-first heap   total 206848K, used 159431K [0x0000000080000000, 0x0000000100000000)
  region size 1024K, 39 young (39936K), 2 survivors (2048K)
 Metaspace       used 97481K, capacity 99832K, committed 100336K, reserved 1136640K
  class space    used 12861K, capacity 13800K, committed 14028K, reserved 1048576K
}

