# JRE version: OpenJDK Runtime Environment (11.0.11+9) (build 11.0.11+9-b60-7590822)
# Java VM: OpenJDK 64-Bit Server VM (11.0.11+9-b60-7590822, mixed mode, tiered, compressed oops, g1 gc, windows-amd64)
Heap:
 garbage-first heap   total 419840K, used 115782K [0x0000000080000000, 0x0000000100000000)
  region size 1024K, 5 young (5120K), 5 survivors (5120K)
 Metaspace       used 99122K, capacity 101669K, committed 101964K, reserved 1136640K
  class space    used 13091K, capacity 14109K, committed 14156K, reserved 1048576K
GC Heap History (20 events):
Event: 13.794 GC heap after
{Heap after GC invocations=26 (full 0):
 garbage-first heap   total 129024K, used 79589K [0x0000000080000000, 0x0000000100000000)
  region size 1024K, 5 young (5120K), 5 survivors (5120K)
 Metaspace       used 88011K, capacity 90075K, committed 90444K, reserved 1128448K
  class space    used 11450K, capacity 12242K, committed 12364K, reserved 1048576K
}
Event: 13.925 GC heap before
{Heap before GC invocations=26 (full 0):
 garbage-first heap   total 129024K, used 105189K [0x0000000080000000, 0x0000000100000000)
  region size 1024K, 31 young (31744K), 5 survivors (5120K)
 Metaspace       used 89208K, capacity 91356K, committed 91724K, reserved 1128448K
  class space    used 11640K, capacity 12484K, committed 12620K, reserved 1048576K
}
Event: 13.930 GC heap after
{Heap after GC invocations=27 (full 0):
 garbage-first heap   total 129024K, used 83066K [0x0000000080000000, 0x0000000100000000)
  region size 1024K, 4 young (4096K), 4 survivors (4096K)
 Metaspace       used 89208K, capacity 91356K, committed 91724K, reserved 1128448K
  class space    used 11640K, capacity 12484K, committed 12620K, reserved 1048576K
}
Event: 14.063 GC heap before
{Heap before GC invocations=28 (full 0):
 garbage-first heap   total 129024K, used 104570K [0x0000000080000000, 0x0000000100000000)
  region size 1024K, 26 young (26624K), 4 survivors (4096K)
 Metaspace       used 90959K, capacity 93168K, committed 93516K, reserved 1130496K
  class space    used 11900K, capacity 12757K, committed 12876K, reserved 1048576K
}
Event: 14.070 GC heap after
{Heap after GC invocations=29 (full 0):
 garbage-first heap   total 155648K, used 85381K [0x0000000080000000, 0x0000000100000000)
  region size 1024K, 4 young (4096K), 4 survivors (4096K)
 Metaspace       used 90959K, capacity 93168K, committed 93516K, reserved 1130496K
  class space    used 11900K, capacity 12757K, committed 12876K, reserved 1048576K
}
Event: 14.177 GC heap before
{Heap before GC invocations=29 (full 0):
 garbage-first heap   total 155648K, used 117125K [0x0000000080000000, 0x0000000100000000)
  region size 1024K, 35 young (35840K), 4 survivors (4096K)
 Metaspace       used 92483K, capacity 94772K, committed 94924K, reserved 1130496K
  class space    used 12099K, capacity 12968K, committed 13004K, reserved 1048576K
}
Event: 14.195 GC heap after
{Heap after GC invocations=30 (full 0):
 garbage-first heap   total 155648K, used 90933K [0x0000000080000000, 0x0000000100000000)
  region size 1024K, 5 young (5120K), 5 survivors (5120K)
 Metaspace       used 92483K, capacity 94772K, committed 94924K, reserved 1130496K
  class space    used 12099K, capacity 12968K, committed 13004K, reserved 1048576K
}
Event: 14.309 GC heap before
{Heap before GC invocations=30 (full 0):
 garbage-first heap   total 155648K, used 120629K [0x0000000080000000, 0x0000000100000000)
  region size 1024K, 34 young (34816K), 5 survivors (5120K)
 Metaspace       used 93319K, capacity 95627K, committed 95948K, reserved 1132544K
  class space    used 12206K, capacity 13136K, committed 13260K, reserved 1048576K
}
Event: 14.321 GC heap after
{Heap after GC invocations=31 (full 0):
 garbage-first heap   total 155648K, used 96922K [0x0000000080000000, 0x0000000100000000)
  region size 1024K, 5 young (5120K), 5 survivors (5120K)
 Metaspace       used 93319K, capacity 95627K, committed 95948K, reserved 1132544K
  class space    used 12206K, capacity 13136K, committed 13260K, reserved 1048576K
}
Event: 14.374 GC heap before
{Heap before GC invocations=32 (full 0):
 garbage-first heap   total 155648K, used 123546K [0x0000000080000000, 0x0000000100000000)
  region size 1024K, 31 young (31744K), 5 survivors (5120K)
 Metaspace       used 93804K, capacity 96145K, committed 96588K, reserved 1132544K
  class space    used 12319K, capacity 13243K, committed 13388K, reserved 1048576K
}
Event: 14.383 GC heap after
{Heap after GC invocations=33 (full 0):
 garbage-first heap   total 155648K, used 101760K [0x0000000080000000, 0x0000000100000000)
  region size 1024K, 4 young (4096K), 4 survivors (4096K)
 Metaspace       used 93804K, capacity 96145K, committed 96588K, reserved 1132544K
  class space    used 12319K, capacity 13243K, committed 13388K, reserved 1048576K
}
Event: 14.434 GC heap before
{Heap before GC invocations=33 (full 0):
 garbage-first heap   total 155648K, used 125312K [0x0000000080000000, 0x0000000100000000)
  region size 1024K, 28 young (28672K), 4 survivors (4096K)
 Metaspace       used 94548K, capacity 96917K, committed 97228K, reserved 1132544K
  class space    used 12466K, capacity 13402K, committed 13516K, reserved 1048576K
}
Event: 14.448 GC heap after
{Heap after GC invocations=34 (full 0):
 garbage-first heap   total 209920K, used 106260K [0x0000000080000000, 0x0000000100000000)
  region size 1024K, 4 young (4096K), 4 survivors (4096K)
 Metaspace       used 94548K, capacity 96917K, committed 97228K, reserved 1132544K
  class space    used 12466K, capacity 13402K, committed 13516K, reserved 1048576K
}
Event: 14.722 GC heap before
{Heap before GC invocations=35 (full 0):
 garbage-first heap   total 209920K, used 149268K [0x0000000080000000, 0x0000000100000000)
  region size 1024K, 46 young (47104K), 4 survivors (4096K)
 Metaspace       used 96318K, capacity 98737K, committed 99020K, reserved 1134592K
  class space    used 12720K, capacity 13637K, committed 13772K, reserved 1048576K
}
Event: 14.760 GC heap after
{Heap after GC invocations=36 (full 0):
 garbage-first heap   total 209920K, used 111848K [0x0000000080000000, 0x0000000100000000)
  region size 1024K, 6 young (6144K), 6 survivors (6144K)
 Metaspace       used 96318K, capacity 98737K, committed 99020K, reserved 1134592K
  class space    used 12720K, capacity 13637K, committed 13772K, reserved 1048576K
}
Event: 14.962 GC heap before
{Heap before GC invocations=36 (full 0):
 garbage-first heap   total 209920K, used 153832K [0x0000000080000000, 0x0000000100000000)
  region size 1024K, 48 young (49152K), 6 survivors (6144K)
 Metaspace       used 97174K, capacity 99554K, committed 99916K, reserved 1134592K
  class space    used 12858K, capacity 13795K, committed 13900K, reserved 1048576K
}
Event: 14.979 GC heap after
{Heap after GC invocations=37 (full 0):
 garbage-first heap   total 209920K, used 114461K [0x0000000080000000, 0x0000000100000000)
  region size 1024K, 3 young (3072K), 3 survivors (3072K)
 Metaspace       used 97174K, capacity 99554K, committed 99916K, reserved 1134592K
  class space    used 12858K, capacity 13795K, committed 13900K, reserved 1048576K
}
Event: 15.509 GC heap before
{Heap before GC invocations=37 (full 0):
 garbage-first heap   total 209920K, used 158493K [0x0000000080000000, 0x0000000100000000)
  region size 1024K, 46 young (47104K), 3 survivors (3072K)
 Metaspace       used 98421K, capacity 100861K, committed 101068K, reserved 1136640K
  class space    used 12993K, capacity 13944K, committed 14028K, reserved 1048576K
}
Event: 15.523 GC heap after
{Heap after GC invocations=38 (full 0):
 garbage-first heap   total 209920K, used 114982K [0x0000000080000000, 0x0000000100000000)
  region size 1024K, 4 young (4096K), 4 survivors (4096K)
 Metaspace       used 98421K, capacity 100861K, committed 101068K, reserved 1136640K
  class space    used 12993K, capacity 13944K, committed 14028K, reserved 1048576K
}
Event: 15.780 GC heap before
{Heap before GC invocations=39 (full 0):
 garbage-first heap   total 209920K, used 160038K [0x0000000080000000, 0x0000000100000000)
  region size 1024K, 49 young (50176K), 4 survivors (4096K)
 Metaspace       used 99122K, capacity 101669K, committed 101964K, reserved 1136640K
  class space    used 13091K, capacity 14109K, committed 14156K, reserved 1048576K
}

