# JRE version: OpenJDK Runtime Environment (11.0.11+9) (build 11.0.11+9-b60-7590822)
# Java VM: OpenJDK 64-Bit Server VM (11.0.11+9-b60-7590822, mixed mode, tiered, compressed oops, g1 gc, windows-amd64)
Heap:
 garbage-first heap   total 129024K, used 91400K [0x0000000080000000, 0x0000000100000000)
  region size 1024K, 40 young (40960K), 6 survivors (6144K)
 Metaspace       used 76172K, capacity 77935K, committed 78064K, reserved 1116160K
  class space    used 9956K, capacity 10602K, committed 10700K, reserved 1048576K
GC Heap History (20 events):
Event: 6.974 GC heap before
{Heap before GC invocations=5 (full 0):
 garbage-first heap   total 129024K, used 74368K [0x0000000080000000, 0x0000000100000000)
  region size 1024K, 58 young (59392K), 3 survivors (3072K)
 Metaspace       used 34850K, capacity 35642K, committed 35708K, reserved 1081344K
  class space    used 4528K, capacity 4857K, committed 4864K, reserved 1048576K
}
Event: 6.984 GC heap after
{Heap after GC invocations=6 (full 0):
 garbage-first heap   total 129024K, used 22506K [0x0000000080000000, 0x0000000100000000)
  region size 1024K, 7 young (7168K), 7 survivors (7168K)
 Metaspace       used 34850K, capacity 35642K, committed 35708K, reserved 1081344K
  class space    used 4528K, capacity 4857K, committed 4864K, reserved 1048576K
}
Event: 7.660 GC heap before
{Heap before GC invocations=7 (full 0):
 garbage-first heap   total 129024K, used 87018K [0x0000000080000000, 0x0000000100000000)
  region size 1024K, 67 young (68608K), 7 survivors (7168K)
 Metaspace       used 39306K, capacity 40275K, committed 40444K, reserved 1085440K
  class space    used 5039K, capacity 5393K, committed 5504K, reserved 1048576K
}
Event: 7.668 GC heap after
{Heap after GC invocations=8 (full 0):
 garbage-first heap   total 129024K, used 27584K [0x0000000080000000, 0x0000000100000000)
  region size 1024K, 9 young (9216K), 9 survivors (9216K)
 Metaspace       used 39306K, capacity 40275K, committed 40444K, reserved 1085440K
  class space    used 5039K, capacity 5393K, committed 5504K, reserved 1048576K
}
Event: 8.580 GC heap before
{Heap before GC invocations=8 (full 0):
 garbage-first heap   total 129024K, used 89024K [0x0000000080000000, 0x0000000100000000)
  region size 1024K, 69 young (70656K), 9 survivors (9216K)
 Metaspace       used 44913K, capacity 45992K, committed 46332K, reserved 1089536K
  class space    used 5760K, capacity 6160K, committed 6272K, reserved 1048576K
}
Event: 8.589 GC heap after
{Heap after GC invocations=9 (full 0):
 garbage-first heap   total 129024K, used 29509K [0x0000000080000000, 0x0000000100000000)
  region size 1024K, 3 young (3072K), 3 survivors (3072K)
 Metaspace       used 44913K, capacity 45992K, committed 46332K, reserved 1089536K
  class space    used 5760K, capacity 6160K, committed 6272K, reserved 1048576K
}
Event: 13.592 GC heap before
{Heap before GC invocations=9 (full 0):
 garbage-first heap   total 129024K, used 96069K [0x0000000080000000, 0x0000000100000000)
  region size 1024K, 65 young (66560K), 3 survivors (3072K)
 Metaspace       used 47930K, capacity 49113K, committed 49276K, reserved 1091584K
  class space    used 6117K, capacity 6598K, committed 6656K, reserved 1048576K
}
Event: 13.596 GC heap after
{Heap after GC invocations=10 (full 0):
 garbage-first heap   total 129024K, used 36331K [0x0000000080000000, 0x0000000100000000)
  region size 1024K, 7 young (7168K), 7 survivors (7168K)
 Metaspace       used 47930K, capacity 49113K, committed 49276K, reserved 1091584K
  class space    used 6117K, capacity 6598K, committed 6656K, reserved 1048576K
}
Event: 17.808 GC heap before
{Heap before GC invocations=10 (full 0):
 garbage-first heap   total 129024K, used 97771K [0x0000000080000000, 0x0000000100000000)
  region size 1024K, 66 young (67584K), 7 survivors (7168K)
 Metaspace       used 54621K, capacity 55961K, committed 56316K, reserved 1097728K
  class space    used 6954K, capacity 7440K, committed 7552K, reserved 1048576K
}
Event: 17.814 GC heap after
{Heap after GC invocations=11 (full 0):
 garbage-first heap   total 129024K, used 44600K [0x0000000080000000, 0x0000000100000000)
  region size 1024K, 9 young (9216K), 9 survivors (9216K)
 Metaspace       used 54621K, capacity 55961K, committed 56316K, reserved 1097728K
  class space    used 6954K, capacity 7440K, committed 7552K, reserved 1048576K
}
Event: 18.736 GC heap before
{Heap before GC invocations=11 (full 0):
 garbage-first heap   total 129024K, used 66104K [0x0000000080000000, 0x0000000100000000)
  region size 1024K, 31 young (31744K), 9 survivors (9216K)
 Metaspace       used 58419K, capacity 59856K, committed 59940K, reserved 1101824K
  class space    used 7419K, capacity 7924K, committed 7936K, reserved 1048576K
}
Event: 18.746 GC heap after
{Heap after GC invocations=12 (full 0):
 garbage-first heap   total 129024K, used 45995K [0x0000000080000000, 0x0000000100000000)
  region size 1024K, 2 young (2048K), 2 survivors (2048K)
 Metaspace       used 58419K, capacity 59856K, committed 59940K, reserved 1101824K
  class space    used 7419K, capacity 7924K, committed 7936K, reserved 1048576K
}
Event: 19.754 GC heap before
{Heap before GC invocations=13 (full 0):
 garbage-first heap   total 129024K, used 85931K [0x0000000080000000, 0x0000000100000000)
  region size 1024K, 42 young (43008K), 2 survivors (2048K)
 Metaspace       used 62432K, capacity 63945K, committed 64112K, reserved 1105920K
  class space    used 7913K, capacity 8493K, committed 8524K, reserved 1048576K
}
Event: 19.757 GC heap after
{Heap after GC invocations=14 (full 0):
 garbage-first heap   total 129024K, used 49225K [0x0000000080000000, 0x0000000100000000)
  region size 1024K, 5 young (5120K), 5 survivors (5120K)
 Metaspace       used 62432K, capacity 63945K, committed 64112K, reserved 1105920K
  class space    used 7913K, capacity 8493K, committed 8524K, reserved 1048576K
}
Event: 20.715 GC heap before
{Heap before GC invocations=14 (full 0):
 garbage-first heap   total 129024K, used 91209K [0x0000000080000000, 0x0000000100000000)
  region size 1024K, 45 young (46080K), 5 survivors (5120K)
 Metaspace       used 64654K, capacity 66253K, committed 66544K, reserved 1107968K
  class space    used 8225K, capacity 8806K, committed 8908K, reserved 1048576K
}
Event: 20.719 GC heap after
{Heap after GC invocations=15 (full 0):
 garbage-first heap   total 129024K, used 51980K [0x0000000080000000, 0x0000000100000000)
  region size 1024K, 3 young (3072K), 3 survivors (3072K)
 Metaspace       used 64654K, capacity 66253K, committed 66544K, reserved 1107968K
  class space    used 8225K, capacity 8806K, committed 8908K, reserved 1048576K
}
Event: 22.070 GC heap before
{Heap before GC invocations=15 (full 0):
 garbage-first heap   total 129024K, used 93964K [0x0000000080000000, 0x0000000100000000)
  region size 1024K, 44 young (45056K), 3 survivors (3072K)
 Metaspace       used 67929K, capacity 69518K, committed 69616K, reserved 1110016K
  class space    used 8750K, capacity 9361K, committed 9420K, reserved 1048576K
}
Event: 22.074 GC heap after
{Heap after GC invocations=16 (full 0):
 garbage-first heap   total 129024K, used 54847K [0x0000000080000000, 0x0000000100000000)
  region size 1024K, 6 young (6144K), 6 survivors (6144K)
 Metaspace       used 67929K, capacity 69518K, committed 69616K, reserved 1110016K
  class space    used 8750K, capacity 9361K, committed 9420K, reserved 1048576K
}
Event: 23.953 GC heap before
{Heap before GC invocations=16 (full 0):
 garbage-first heap   total 129024K, used 96831K [0x0000000080000000, 0x0000000100000000)
  region size 1024K, 47 young (48128K), 6 survivors (6144K)
 Metaspace       used 71756K, capacity 73465K, committed 73584K, reserved 1114112K
  class space    used 9341K, capacity 9980K, committed 10060K, reserved 1048576K
}
Event: 23.961 GC heap after
{Heap after GC invocations=17 (full 0):
 garbage-first heap   total 129024K, used 57608K [0x0000000080000000, 0x0000000100000000)
  region size 1024K, 6 young (6144K), 6 survivors (6144K)
 Metaspace       used 71756K, capacity 73465K, committed 73584K, reserved 1114112K
  class space    used 9341K, capacity 9980K, committed 10060K, reserved 1048576K
}

