# JRE version: OpenJDK Runtime Environment (11.0.11+9) (build 11.0.11+9-b60-7590822)
# Java VM: OpenJDK 64-Bit Server VM (11.0.11+9-b60-7590822, mixed mode, tiered, compressed oops, g1 gc, windows-amd64)
Heap:
 garbage-first heap   total 129024K, used 91840K [0x0000000080000000, 0x0000000100000000)
  region size 1024K, 42 young (43008K), 4 survivors (4096K)
 Metaspace       used 69946K, capacity 71473K, committed 71804K, reserved 1112064K
  class space    used 9067K, capacity 9647K, committed 9728K, reserved 1048576K
GC Heap History (20 events):
Event: 4.272 GC heap before
{Heap before GC invocations=2 (full 0):
 garbage-first heap   total 129024K, used 41671K [0x0000000080000000, 0x0000000100000000)
  region size 1024K, 36 young (36864K), 10 survivors (10240K)
 Metaspace       used 20710K, capacity 21108K, committed 21296K, reserved 1069056K
  class space    used 2533K, capacity 2660K, committed 2688K, reserved 1048576K
}
Event: 4.279 GC heap after
{Heap after GC invocations=3 (full 0):
 garbage-first heap   total 129024K, used 16989K [0x0000000080000000, 0x0000000100000000)
  region size 1024K, 2 young (2048K), 2 survivors (2048K)
 Metaspace       used 20710K, capacity 21108K, committed 21296K, reserved 1069056K
  class space    used 2533K, capacity 2660K, committed 2688K, reserved 1048576K
}
Event: 5.064 GC heap before
{Heap before GC invocations=4 (full 0):
 garbage-first heap   total 129024K, used 75357K [0x0000000080000000, 0x0000000100000000)
  region size 1024K, 59 young (60416K), 2 survivors (2048K)
 Metaspace       used 26490K, capacity 27094K, committed 27184K, reserved 1073152K
  class space    used 3468K, capacity 3683K, committed 3712K, reserved 1048576K
}
Event: 5.068 GC heap after
{Heap after GC invocations=5 (full 0):
 garbage-first heap   total 129024K, used 18942K [0x0000000080000000, 0x0000000100000000)
  region size 1024K, 4 young (4096K), 4 survivors (4096K)
 Metaspace       used 26490K, capacity 27094K, committed 27184K, reserved 1073152K
  class space    used 3468K, capacity 3683K, committed 3712K, reserved 1048576K
}
Event: 5.887 GC heap before
{Heap before GC invocations=5 (full 0):
 garbage-first heap   total 129024K, used 70142K [0x0000000080000000, 0x0000000100000000)
  region size 1024K, 55 young (56320K), 4 survivors (4096K)
 Metaspace       used 34846K, capacity 35641K, committed 35708K, reserved 1081344K
  class space    used 4529K, capacity 4857K, committed 4864K, reserved 1048576K
}
Event: 5.896 GC heap after
{Heap after GC invocations=6 (full 0):
 garbage-first heap   total 129024K, used 22192K [0x0000000080000000, 0x0000000100000000)
  region size 1024K, 7 young (7168K), 7 survivors (7168K)
 Metaspace       used 34846K, capacity 35641K, committed 35708K, reserved 1081344K
  class space    used 4529K, capacity 4857K, committed 4864K, reserved 1048576K
}
Event: 6.611 GC heap before
{Heap before GC invocations=7 (full 0):
 garbage-first heap   total 129024K, used 90800K [0x0000000080000000, 0x0000000100000000)
  region size 1024K, 72 young (73728K), 7 survivors (7168K)
 Metaspace       used 39962K, capacity 40859K, committed 40956K, reserved 1085440K
  class space    used 5107K, capacity 5438K, committed 5504K, reserved 1048576K
}
Event: 6.618 GC heap after
{Heap after GC invocations=8 (full 0):
 garbage-first heap   total 129024K, used 27805K [0x0000000080000000, 0x0000000100000000)
  region size 1024K, 9 young (9216K), 9 survivors (9216K)
 Metaspace       used 39962K, capacity 40859K, committed 40956K, reserved 1085440K
  class space    used 5107K, capacity 5438K, committed 5504K, reserved 1048576K
}
Event: 7.363 GC heap before
{Heap before GC invocations=8 (full 0):
 garbage-first heap   total 129024K, used 92317K [0x0000000080000000, 0x0000000100000000)
  region size 1024K, 72 young (73728K), 9 survivors (9216K)
 Metaspace       used 45887K, capacity 47001K, committed 47228K, reserved 1089536K
  class space    used 5892K, capacity 6324K, committed 6400K, reserved 1048576K
}
Event: 7.371 GC heap after
{Heap after GC invocations=9 (full 0):
 garbage-first heap   total 129024K, used 29134K [0x0000000080000000, 0x0000000100000000)
  region size 1024K, 3 young (3072K), 3 survivors (3072K)
 Metaspace       used 45887K, capacity 47001K, committed 47228K, reserved 1089536K
  class space    used 5892K, capacity 6324K, committed 6400K, reserved 1048576K
}
Event: 9.742 GC heap before
{Heap before GC invocations=9 (full 0):
 garbage-first heap   total 129024K, used 98766K [0x0000000080000000, 0x0000000100000000)
  region size 1024K, 67 young (68608K), 3 survivors (3072K)
 Metaspace       used 48498K, capacity 49691K, committed 49916K, reserved 1093632K
  class space    used 6197K, capacity 6675K, committed 6784K, reserved 1048576K
}
Event: 9.746 GC heap after
{Heap after GC invocations=10 (full 0):
 garbage-first heap   total 129024K, used 42770K [0x0000000080000000, 0x0000000100000000)
  region size 1024K, 9 young (9216K), 9 survivors (9216K)
 Metaspace       used 48498K, capacity 49691K, committed 49916K, reserved 1093632K
  class space    used 6197K, capacity 6675K, committed 6784K, reserved 1048576K
}
Event: 10.495 GC heap before
{Heap before GC invocations=10 (full 0):
 garbage-first heap   total 129024K, used 97042K [0x0000000080000000, 0x0000000100000000)
  region size 1024K, 62 young (63488K), 9 survivors (9216K)
 Metaspace       used 56252K, capacity 57602K, committed 57724K, reserved 1099776K
  class space    used 7127K, capacity 7604K, committed 7680K, reserved 1048576K
}
Event: 10.501 GC heap after
{Heap after GC invocations=11 (full 0):
 garbage-first heap   total 129024K, used 45443K [0x0000000080000000, 0x0000000100000000)
  region size 1024K, 3 young (3072K), 3 survivors (3072K)
 Metaspace       used 56252K, capacity 57602K, committed 57724K, reserved 1099776K
  class space    used 7127K, capacity 7604K, committed 7680K, reserved 1048576K
}
Event: 10.738 GC heap before
{Heap before GC invocations=11 (full 0):
 garbage-first heap   total 129024K, used 58755K [0x0000000080000000, 0x0000000100000000)
  region size 1024K, 17 young (17408K), 3 survivors (3072K)
 Metaspace       used 58397K, capacity 59752K, committed 59900K, reserved 1101824K
  class space    used 7422K, capacity 7955K, committed 8064K, reserved 1048576K
}
Event: 10.742 GC heap after
{Heap after GC invocations=12 (full 0):
 garbage-first heap   total 129024K, used 45988K [0x0000000080000000, 0x0000000100000000)
  region size 1024K, 3 young (3072K), 3 survivors (3072K)
 Metaspace       used 58397K, capacity 59752K, committed 59900K, reserved 1101824K
  class space    used 7422K, capacity 7955K, committed 8064K, reserved 1048576K
}
Event: 11.345 GC heap before
{Heap before GC invocations=13 (full 0):
 garbage-first heap   total 129024K, used 99236K [0x0000000080000000, 0x0000000100000000)
  region size 1024K, 56 young (57344K), 3 survivors (3072K)
 Metaspace       used 63543K, capacity 65084K, committed 65404K, reserved 1105920K
  class space    used 8066K, capacity 8638K, committed 8704K, reserved 1048576K
}
Event: 11.350 GC heap after
{Heap after GC invocations=14 (full 0):
 garbage-first heap   total 129024K, used 50109K [0x0000000080000000, 0x0000000100000000)
  region size 1024K, 7 young (7168K), 7 survivors (7168K)
 Metaspace       used 63543K, capacity 65084K, committed 65404K, reserved 1105920K
  class space    used 8066K, capacity 8638K, committed 8704K, reserved 1048576K
}
Event: 11.759 GC heap before
{Heap before GC invocations=14 (full 0):
 garbage-first heap   total 129024K, used 101309K [0x0000000080000000, 0x0000000100000000)
  region size 1024K, 57 young (58368K), 7 survivors (7168K)
 Metaspace       used 65626K, capacity 67205K, committed 67452K, reserved 1107968K
  class space    used 8337K, capacity 8911K, committed 8960K, reserved 1048576K
}
Event: 11.765 GC heap after
{Heap after GC invocations=15 (full 0):
 garbage-first heap   total 129024K, used 53952K [0x0000000080000000, 0x0000000100000000)
  region size 1024K, 4 young (4096K), 4 survivors (4096K)
 Metaspace       used 65626K, capacity 67205K, committed 67452K, reserved 1107968K
  class space    used 8337K, capacity 8911K, committed 8960K, reserved 1048576K
}

